<?xml version="1.0" encoding="UTF-8"?>
<!-- Generated by org.testng.reporters.JUnitReportReporter -->
<testsuite skipped="0" hostname="Air-Vitalij" name="com.github.viise.zhurnal.tml.TmlThreadTest" tests="3" failures="0" timestamp="2022-02-15T03:20:47 VLAT" time="0.001" errors="0">
  <testcase name="create_thread" time="0.000" classname="com.github.viise.zhurnal.tml.TmlThreadTest"/>
  <system-out/>
  <testcase name="create_nullThread" time="0.000" classname="com.github.viise.zhurnal.tml.TmlThreadTest"/>
  <system-out/>
  <testcase name="create" time="0.001" classname="com.github.viise.zhurnal.tml.TmlThreadTest"/>
  <system-out/>
</testsuite> <!-- com.github.viise.zhurnal.tml.TmlThreadTest -->
