<?xml version="1.0" encoding="UTF-8"?>
<!-- Generated by org.testng.reporters.JUnitReportReporter -->
<testsuite skipped="0" hostname="Air-Vitalij" name="com.github.viise.zhurnal.tml.TmlHttpTest" tests="4" failures="0" timestamp="2022-02-15T03:20:47 VLAT" time="0.000" errors="0">
  <testcase name="create_nullEndpoint" time="0.000" classname="com.github.viise.zhurnal.tml.TmlHttpTest"/>
  <system-out/>
  <testcase name="create_nullMethod" time="0.000" classname="com.github.viise.zhurnal.tml.TmlHttpTest"/>
  <system-out/>
  <testcase name="create" time="0.000" classname="com.github.viise.zhurnal.tml.TmlHttpTest"/>
  <system-out/>
  <testcase name="create_nullStatus" time="0.000" classname="com.github.viise.zhurnal.tml.TmlHttpTest"/>
  <system-out/>
</testsuite> <!-- com.github.viise.zhurnal.tml.TmlHttpTest -->
