<?xml version="1.0" encoding="UTF-8"?>
<!-- Generated by org.testng.reporters.JUnitReportReporter -->
<testsuite skipped="0" hostname="Air-Vitalij" name="com.github.viise.zhurnal.lg.LgFileTest" tests="1" failures="0" timestamp="2022-02-15T03:20:47 VLAT" time="0.004" errors="0">
  <testcase name="print" time="0.004" classname="com.github.viise.zhurnal.lg.LgFileTest"/>
  <system-out/>
</testsuite> <!-- com.github.viise.zhurnal.lg.LgFileTest -->
